0 verbose cli C:\Program Files\nodejs\node.exe C:\Program Files\nodejs\node_modules\npm\bin\npm-cli.js
1 info using npm@11.12.1
2 info using node@v24.15.0
3 silly config load:file:C:\Program Files\nodejs\node_modules\npm\npmrc
4 silly config load:file:C:\Users\Acer\Documents\np-shop-versions\np-shop-v7\.npmrc
5 silly config load:file:C:\Users\Acer\.npmrc
6 silly config load:file:C:\Users\Acer\AppData\Roaming\npm\etc\npmrc
7 verbose title npm install @tailwindcss/postcss
8 verbose argv "install" "@tailwindcss/postcss" "--cache" ".\\.npm-cache"
9 verbose logfile logs-max:10 dir:C:\Users\Acer\Documents\np-shop-versions\np-shop-v7\.npm-cache\_logs\2026-06-15T04_47_29_278Z-
10 verbose logfile C:\Users\Acer\Documents\np-shop-versions\np-shop-v7\.npm-cache\_logs\2026-06-15T04_47_29_278Z-debug-0.log
11 silly logfile done cleaning log files
12 silly packumentCache heap:4496293888 maxSize:1124073472 maxEntrySize:562036736
13 silly idealTree buildDeps
14 silly fetch manifest @tailwindcss/postcss@*
15 silly packumentCache full:https://registry.npmjs.org/@tailwindcss%2fpostcss cache-miss
16 http fetch GET 200 https://registry.npmjs.org/@tailwindcss%2fpostcss 1113ms (cache miss)
17 silly packumentCache full:https://registry.npmjs.org/@tailwindcss%2fpostcss set size:undefined disposed:false
18 silly placeDep ROOT @tailwindcss/postcss@4.3.1 OK for: np-shop@1.0.0 want: *
19 silly fetch manifest @alloc/quick-lru@^5.2.0
20 silly packumentCache full:https://registry.npmjs.org/@alloc%2fquick-lru cache-miss
21 silly fetch manifest @tailwindcss/node@4.3.1
22 silly packumentCache full:https://registry.npmjs.org/@tailwindcss%2fnode cache-miss
23 silly fetch manifest @tailwindcss/oxide@4.3.1
24 silly packumentCache full:https://registry.npmjs.org/@tailwindcss%2foxide cache-miss
25 http fetch GET 200 https://registry.npmjs.org/@tailwindcss%2fnode 1774ms (cache miss)
26 silly packumentCache full:https://registry.npmjs.org/@tailwindcss%2fnode set size:undefined disposed:false
27 http fetch GET 200 https://registry.npmjs.org/@tailwindcss%2foxide 1955ms (cache miss)
28 silly packumentCache full:https://registry.npmjs.org/@tailwindcss%2foxide set size:undefined disposed:false
29 http fetch GET 200 https://registry.npmjs.org/@alloc%2fquick-lru 2174ms (cache miss)
30 silly packumentCache full:https://registry.npmjs.org/@alloc%2fquick-lru set size:undefined disposed:false
31 silly placeDep ROOT @alloc/quick-lru@5.2.0 OK for: @tailwindcss/postcss@4.3.1 want: ^5.2.0
32 silly placeDep ROOT @tailwindcss/node@4.3.1 OK for: @tailwindcss/postcss@4.3.1 want: 4.3.1
33 silly placeDep ROOT @tailwindcss/oxide@4.3.1 OK for: @tailwindcss/postcss@4.3.1 want: 4.3.1
34 silly fetch manifest enhanced-resolve@5.21.6
35 silly packumentCache full:https://registry.npmjs.org/enhanced-resolve cache-miss
36 silly fetch manifest jiti@^2.7.0
37 silly packumentCache full:https://registry.npmjs.org/jiti cache-miss
38 silly fetch manifest lightningcss@1.32.0
39 silly packumentCache full:https://registry.npmjs.org/lightningcss cache-miss
40 silly fetch manifest magic-string@^0.30.21
41 silly packumentCache full:https://registry.npmjs.org/magic-string cache-miss
42 silly fetch manifest @tailwindcss/oxide-android-arm64@4.3.1
43 silly packumentCache full:https://registry.npmjs.org/@tailwindcss%2foxide-android-arm64 cache-miss
44 silly fetch manifest @tailwindcss/oxide-freebsd-x64@4.3.1
45 silly packumentCache full:https://registry.npmjs.org/@tailwindcss%2foxide-freebsd-x64 cache-miss
46 silly fetch manifest @tailwindcss/oxide-darwin-arm64@4.3.1
47 silly packumentCache full:https://registry.npmjs.org/@tailwindcss%2foxide-darwin-arm64 cache-miss
48 silly fetch manifest @tailwindcss/oxide-linux-arm64-musl@4.3.1
49 silly packumentCache full:https://registry.npmjs.org/@tailwindcss%2foxide-linux-arm64-musl cache-miss
50 silly fetch manifest @tailwindcss/oxide-linux-x64-musl@4.3.1
51 silly packumentCache full:https://registry.npmjs.org/@tailwindcss%2foxide-linux-x64-musl cache-miss
52 silly fetch manifest @tailwindcss/oxide-linux-x64-gnu@4.3.1
53 silly packumentCache full:https://registry.npmjs.org/@tailwindcss%2foxide-linux-x64-gnu cache-miss
54 silly fetch manifest @tailwindcss/oxide-linux-arm-gnueabihf@4.3.1
55 silly packumentCache full:https://registry.npmjs.org/@tailwindcss%2foxide-linux-arm-gnueabihf cache-miss
56 silly fetch manifest @tailwindcss/oxide-linux-arm64-gnu@4.3.1
57 silly packumentCache full:https://registry.npmjs.org/@tailwindcss%2foxide-linux-arm64-gnu cache-miss
58 silly fetch manifest @tailwindcss/oxide-wasm32-wasi@4.3.1
59 silly packumentCache full:https://registry.npmjs.org/@tailwindcss%2foxide-wasm32-wasi cache-miss
60 silly fetch manifest @tailwindcss/oxide-win32-arm64-msvc@4.3.1
61 silly packumentCache full:https://registry.npmjs.org/@tailwindcss%2foxide-win32-arm64-msvc cache-miss
62 silly fetch manifest @tailwindcss/oxide-darwin-x64@4.3.1
63 silly packumentCache full:https://registry.npmjs.org/@tailwindcss%2foxide-darwin-x64 cache-miss
64 http fetch GET 200 https://registry.npmjs.org/lightningcss 104ms (cache miss)
65 silly packumentCache full:https://registry.npmjs.org/lightningcss set size:undefined disposed:false
66 silly fetch manifest @tailwindcss/oxide-win32-x64-msvc@4.3.1
67 silly packumentCache full:https://registry.npmjs.org/@tailwindcss%2foxide-win32-x64-msvc cache-miss
68 http fetch GET 200 https://registry.npmjs.org/jiti 116ms (cache miss)
69 silly packumentCache full:https://registry.npmjs.org/jiti set size:undefined disposed:false
70 http fetch GET 200 https://registry.npmjs.org/magic-string 244ms (cache miss)
71 silly packumentCache full:https://registry.npmjs.org/magic-string set size:undefined disposed:false
72 http fetch GET 200 https://registry.npmjs.org/enhanced-resolve 380ms (cache miss)
73 silly packumentCache full:https://registry.npmjs.org/enhanced-resolve set size:undefined disposed:false
74 http fetch GET 200 https://registry.npmjs.org/@tailwindcss%2foxide-linux-x64-gnu 936ms (cache miss)
75 silly packumentCache full:https://registry.npmjs.org/@tailwindcss%2foxide-linux-x64-gnu set size:undefined disposed:false
76 http fetch GET 200 https://registry.npmjs.org/@tailwindcss%2foxide-linux-arm64-gnu 950ms (cache miss)
77 silly packumentCache full:https://registry.npmjs.org/@tailwindcss%2foxide-linux-arm64-gnu set size:undefined disposed:false
78 http fetch GET 200 https://registry.npmjs.org/@tailwindcss%2foxide-darwin-arm64 1001ms (cache miss)
79 silly packumentCache full:https://registry.npmjs.org/@tailwindcss%2foxide-darwin-arm64 set size:undefined disposed:false
80 http fetch GET 200 https://registry.npmjs.org/@tailwindcss%2foxide-darwin-x64 1011ms (cache miss)
81 silly packumentCache full:https://registry.npmjs.org/@tailwindcss%2foxide-darwin-x64 set size:undefined disposed:false
82 http fetch GET 200 https://registry.npmjs.org/@tailwindcss%2foxide-linux-x64-musl 1053ms (cache miss)
83 silly packumentCache full:https://registry.npmjs.org/@tailwindcss%2foxide-linux-x64-musl set size:undefined disposed:false
84 http fetch GET 200 https://registry.npmjs.org/@tailwindcss%2foxide-linux-arm64-musl 1128ms (cache miss)
85 silly packumentCache full:https://registry.npmjs.org/@tailwindcss%2foxide-linux-arm64-musl set size:undefined disposed:false
86 http fetch GET 200 https://registry.npmjs.org/@tailwindcss%2foxide-freebsd-x64 1350ms (cache miss)
87 silly packumentCache full:https://registry.npmjs.org/@tailwindcss%2foxide-freebsd-x64 set size:undefined disposed:false
88 http fetch GET 200 https://registry.npmjs.org/@tailwindcss%2foxide-wasm32-wasi 1567ms (cache miss)
89 silly packumentCache full:https://registry.npmjs.org/@tailwindcss%2foxide-wasm32-wasi set size:undefined disposed:false
90 http fetch GET 200 https://registry.npmjs.org/@tailwindcss%2foxide-win32-arm64-msvc 1579ms (cache miss)
91 silly packumentCache full:https://registry.npmjs.org/@tailwindcss%2foxide-win32-arm64-msvc set size:undefined disposed:false
92 http fetch GET 200 https://registry.npmjs.org/@tailwindcss%2foxide-android-arm64 1858ms (cache miss)
93 silly packumentCache full:https://registry.npmjs.org/@tailwindcss%2foxide-android-arm64 set size:undefined disposed:false
94 http fetch GET 200 https://registry.npmjs.org/@tailwindcss%2foxide-linux-arm-gnueabihf 1877ms (cache miss)
95 silly packumentCache full:https://registry.npmjs.org/@tailwindcss%2foxide-linux-arm-gnueabihf set size:undefined disposed:false
96 http fetch GET 200 https://registry.npmjs.org/@tailwindcss%2foxide-win32-x64-msvc 1990ms (cache miss)
97 silly packumentCache full:https://registry.npmjs.org/@tailwindcss%2foxide-win32-x64-msvc set size:undefined disposed:false
98 silly placeDep ROOT enhanced-resolve@5.21.6 OK for: @tailwindcss/node@4.3.1 want: 5.21.6
99 silly placeDep ROOT jiti@2.7.0 OK for: @tailwindcss/node@4.3.1 want: ^2.7.0
100 silly placeDep ROOT lightningcss@1.32.0 OK for: @tailwindcss/node@4.3.1 want: 1.32.0
101 silly placeDep ROOT magic-string@0.30.21 OK for: @tailwindcss/node@4.3.1 want: ^0.30.21
102 silly fetch manifest tapable@^2.3.3
103 silly packumentCache full:https://registry.npmjs.org/tapable cache-miss
104 silly fetch manifest graceful-fs@^4.2.4
105 silly packumentCache full:https://registry.npmjs.org/graceful-fs cache-miss
106 silly fetch manifest detect-libc@^2.0.3
107 silly packumentCache full:https://registry.npmjs.org/detect-libc cache-miss
108 silly fetch manifest lightningcss-darwin-x64@1.32.0
109 silly packumentCache full:https://registry.npmjs.org/lightningcss-darwin-x64 cache-miss
110 silly fetch manifest lightningcss-linux-x64-gnu@1.32.0
111 silly packumentCache full:https://registry.npmjs.org/lightningcss-linux-x64-gnu cache-miss
112 silly fetch manifest lightningcss-win32-x64-msvc@1.32.0
113 silly packumentCache full:https://registry.npmjs.org/lightningcss-win32-x64-msvc cache-miss
114 silly fetch manifest lightningcss-win32-arm64-msvc@1.32.0
115 silly packumentCache full:https://registry.npmjs.org/lightningcss-win32-arm64-msvc cache-miss
116 silly fetch manifest lightningcss-darwin-arm64@1.32.0
117 silly packumentCache full:https://registry.npmjs.org/lightningcss-darwin-arm64 cache-miss
118 silly fetch manifest lightningcss-linux-arm64-gnu@1.32.0
119 silly packumentCache full:https://registry.npmjs.org/lightningcss-linux-arm64-gnu cache-miss
120 silly fetch manifest lightningcss-linux-arm-gnueabihf@1.32.0
121 silly packumentCache full:https://registry.npmjs.org/lightningcss-linux-arm-gnueabihf cache-miss
122 silly fetch manifest lightningcss-linux-arm64-musl@1.32.0
123 silly packumentCache full:https://registry.npmjs.org/lightningcss-linux-arm64-musl cache-miss
124 silly fetch manifest lightningcss-linux-x64-musl@1.32.0
125 silly packumentCache full:https://registry.npmjs.org/lightningcss-linux-x64-musl cache-miss
126 silly fetch manifest lightningcss-freebsd-x64@1.32.0
127 silly packumentCache full:https://registry.npmjs.org/lightningcss-freebsd-x64 cache-miss
128 silly fetch manifest lightningcss-android-arm64@1.32.0
129 silly packumentCache full:https://registry.npmjs.org/lightningcss-android-arm64 cache-miss
130 http fetch GET 200 https://registry.npmjs.org/graceful-fs 79ms (cache miss)
131 silly packumentCache full:https://registry.npmjs.org/graceful-fs set size:undefined disposed:false
132 http fetch GET 200 https://registry.npmjs.org/lightningcss-darwin-x64 82ms (cache miss)
133 silly packumentCache full:https://registry.npmjs.org/lightningcss-darwin-x64 set size:undefined disposed:false
134 http fetch GET 200 https://registry.npmjs.org/lightningcss-linux-arm64-musl 96ms (cache miss)
135 silly packumentCache full:https://registry.npmjs.org/lightningcss-linux-arm64-musl set size:undefined disposed:false
136 http fetch GET 200 https://registry.npmjs.org/lightningcss-linux-arm-gnueabihf 99ms (cache miss)
137 silly packumentCache full:https://registry.npmjs.org/lightningcss-linux-arm-gnueabihf set size:undefined disposed:false
138 http fetch GET 200 https://registry.npmjs.org/detect-libc 116ms (cache miss)
139 silly packumentCache full:https://registry.npmjs.org/detect-libc set size:undefined disposed:false
140 http fetch GET 200 https://registry.npmjs.org/lightningcss-freebsd-x64 117ms (cache miss)
141 silly packumentCache full:https://registry.npmjs.org/lightningcss-freebsd-x64 set size:undefined disposed:false
142 http fetch GET 200 https://registry.npmjs.org/lightningcss-darwin-arm64 148ms (cache miss)
143 silly packumentCache full:https://registry.npmjs.org/lightningcss-darwin-arm64 set size:undefined disposed:false
144 http fetch GET 200 https://registry.npmjs.org/lightningcss-linux-arm64-gnu 156ms (cache miss)
145 silly packumentCache full:https://registry.npmjs.org/lightningcss-linux-arm64-gnu set size:undefined disposed:false
146 http fetch GET 200 https://registry.npmjs.org/lightningcss-win32-arm64-msvc 165ms (cache miss)
147 silly packumentCache full:https://registry.npmjs.org/lightningcss-win32-arm64-msvc set size:undefined disposed:false
148 http fetch GET 200 https://registry.npmjs.org/lightningcss-linux-x64-gnu 168ms (cache miss)
149 silly packumentCache full:https://registry.npmjs.org/lightningcss-linux-x64-gnu set size:undefined disposed:false
150 http fetch GET 200 https://registry.npmjs.org/lightningcss-win32-x64-msvc 170ms (cache miss)
151 silly packumentCache full:https://registry.npmjs.org/lightningcss-win32-x64-msvc set size:undefined disposed:false
152 http fetch GET 200 https://registry.npmjs.org/lightningcss-linux-x64-musl 368ms (cache miss)
153 silly packumentCache full:https://registry.npmjs.org/lightningcss-linux-x64-musl set size:undefined disposed:false
154 http fetch GET 200 https://registry.npmjs.org/lightningcss-android-arm64 436ms (cache miss)
155 silly packumentCache full:https://registry.npmjs.org/lightningcss-android-arm64 set size:undefined disposed:false
156 http fetch GET 200 https://registry.npmjs.org/tapable 528ms (cache miss)
157 silly packumentCache full:https://registry.npmjs.org/tapable set size:undefined disposed:false
158 silly placeDep ROOT @tailwindcss/oxide-android-arm64@4.3.1 OK for: @tailwindcss/oxide@4.3.1 want: 4.3.1
159 silly placeDep ROOT @tailwindcss/oxide-darwin-arm64@4.3.1 OK for: @tailwindcss/oxide@4.3.1 want: 4.3.1
160 silly placeDep ROOT @tailwindcss/oxide-darwin-x64@4.3.1 OK for: @tailwindcss/oxide@4.3.1 want: 4.3.1
161 silly placeDep ROOT @tailwindcss/oxide-freebsd-x64@4.3.1 OK for: @tailwindcss/oxide@4.3.1 want: 4.3.1
162 silly placeDep ROOT @tailwindcss/oxide-linux-arm-gnueabihf@4.3.1 OK for: @tailwindcss/oxide@4.3.1 want: 4.3.1
163 silly placeDep ROOT @tailwindcss/oxide-linux-arm64-gnu@4.3.1 OK for: @tailwindcss/oxide@4.3.1 want: 4.3.1
164 silly placeDep ROOT @tailwindcss/oxide-linux-arm64-musl@4.3.1 OK for: @tailwindcss/oxide@4.3.1 want: 4.3.1
165 silly placeDep ROOT @tailwindcss/oxide-linux-x64-gnu@4.3.1 OK for: @tailwindcss/oxide@4.3.1 want: 4.3.1
166 silly placeDep ROOT @tailwindcss/oxide-linux-x64-musl@4.3.1 OK for: @tailwindcss/oxide@4.3.1 want: 4.3.1
167 silly placeDep ROOT @tailwindcss/oxide-wasm32-wasi@4.3.1 OK for: @tailwindcss/oxide@4.3.1 want: 4.3.1
168 silly placeDep ROOT @tailwindcss/oxide-win32-arm64-msvc@4.3.1 OK for: @tailwindcss/oxide@4.3.1 want: 4.3.1
169 silly placeDep ROOT @tailwindcss/oxide-win32-x64-msvc@4.3.1 OK for: @tailwindcss/oxide@4.3.1 want: 4.3.1
170 silly placeDep ROOT graceful-fs@4.2.11 OK for: enhanced-resolve@5.21.6 want: ^4.2.4
171 silly placeDep ROOT tapable@2.3.3 OK for: enhanced-resolve@5.21.6 want: ^2.3.3
172 silly placeDep ROOT detect-libc@2.1.2 OK for: lightningcss@1.32.0 want: ^2.0.3
173 silly placeDep ROOT lightningcss-android-arm64@1.32.0 OK for: lightningcss@1.32.0 want: 1.32.0
174 silly placeDep ROOT lightningcss-darwin-arm64@1.32.0 OK for: lightningcss@1.32.0 want: 1.32.0
175 silly placeDep ROOT lightningcss-darwin-x64@1.32.0 OK for: lightningcss@1.32.0 want: 1.32.0
176 silly placeDep ROOT lightningcss-freebsd-x64@1.32.0 OK for: lightningcss@1.32.0 want: 1.32.0
177 silly placeDep ROOT lightningcss-linux-arm-gnueabihf@1.32.0 OK for: lightningcss@1.32.0 want: 1.32.0
178 silly placeDep ROOT lightningcss-linux-arm64-gnu@1.32.0 OK for: lightningcss@1.32.0 want: 1.32.0
179 silly placeDep ROOT lightningcss-linux-arm64-musl@1.32.0 OK for: lightningcss@1.32.0 want: 1.32.0
180 silly placeDep ROOT lightningcss-linux-x64-gnu@1.32.0 OK for: lightningcss@1.32.0 want: 1.32.0
181 silly placeDep ROOT lightningcss-linux-x64-musl@1.32.0 OK for: lightningcss@1.32.0 want: 1.32.0
182 silly placeDep ROOT lightningcss-win32-arm64-msvc@1.32.0 OK for: lightningcss@1.32.0 want: 1.32.0
183 silly placeDep ROOT lightningcss-win32-x64-msvc@1.32.0 OK for: lightningcss@1.32.0 want: 1.32.0
184 silly reify moves {}
185 silly audit bulk request {
185 silly audit   '@babel/code-frame': [ '7.29.7' ],
185 silly audit   '@babel/compat-data': [ '7.29.7' ],
185 silly audit   '@babel/core': [ '7.29.7' ],
185 silly audit   '@babel/generator': [ '7.29.7' ],
185 silly audit   '@babel/helper-compilation-targets': [ '7.29.7' ],
185 silly audit   '@babel/helper-globals': [ '7.29.7' ],
185 silly audit   '@babel/helper-module-imports': [ '7.29.7' ],
185 silly audit   '@babel/helper-module-transforms': [ '7.29.7' ],
185 silly audit   '@babel/helper-plugin-utils': [ '7.29.7' ],
185 silly audit   '@babel/helper-string-parser': [ '7.29.7' ],
185 silly audit   '@babel/helper-validator-identifier': [ '7.29.7' ],
185 silly audit   '@babel/helper-validator-option': [ '7.29.7' ],
185 silly audit   '@babel/helpers': [ '7.29.7' ],
185 silly audit   '@babel/parser': [ '7.29.7' ],
185 silly audit   '@babel/plugin-transform-react-jsx-self': [ '7.29.7' ],
185 silly audit   '@babel/plugin-transform-react-jsx-source': [ '7.29.7' ],
185 silly audit   '@babel/template': [ '7.29.7' ],
185 silly audit   '@babel/traverse': [ '7.29.7' ],
185 silly audit   '@babel/types': [ '7.29.7' ],
185 silly audit   '@esbuild/aix-ppc64': [ '0.21.5' ],
185 silly audit   '@esbuild/android-arm': [ '0.21.5' ],
185 silly audit   '@esbuild/android-arm64': [ '0.21.5' ],
185 silly audit   '@esbuild/android-x64': [ '0.21.5' ],
185 silly audit   '@esbuild/darwin-arm64': [ '0.21.5' ],
185 silly audit   '@esbuild/darwin-x64': [ '0.21.5' ],
185 silly audit   '@esbuild/freebsd-arm64': [ '0.21.5' ],
185 silly audit   '@esbuild/freebsd-x64': [ '0.21.5' ],
185 silly audit   '@esbuild/linux-arm': [ '0.21.5' ],
185 silly audit   '@esbuild/linux-arm64': [ '0.21.5' ],
185 silly audit   '@esbuild/linux-ia32': [ '0.21.5' ],
185 silly audit   '@esbuild/linux-loong64': [ '0.21.5' ],
185 silly audit   '@esbuild/linux-mips64el': [ '0.21.5' ],
185 silly audit   '@esbuild/linux-ppc64': [ '0.21.5' ],
185 silly audit   '@esbuild/linux-riscv64': [ '0.21.5' ],
185 silly audit   '@esbuild/linux-s390x': [ '0.21.5' ],
185 silly audit   '@esbuild/linux-x64': [ '0.21.5' ],
185 silly audit   '@esbuild/netbsd-x64': [ '0.21.5' ],
185 silly audit   '@esbuild/openbsd-x64': [ '0.21.5' ],
185 silly audit   '@esbuild/sunos-x64': [ '0.21.5' ],
185 silly audit   '@esbuild/win32-arm64': [ '0.21.5' ],
185 silly audit   '@esbuild/win32-ia32': [ '0.21.5' ],
185 silly audit   '@esbuild/win32-x64': [ '0.21.5' ],
185 silly audit   '@jridgewell/gen-mapping': [ '0.3.13' ],
185 silly audit   '@jridgewell/remapping': [ '2.3.5' ],
185 silly audit   '@jridgewell/resolve-uri': [ '3.1.2' ],
185 silly audit   '@jridgewell/sourcemap-codec': [ '1.5.5' ],
185 silly audit   '@jridgewell/trace-mapping': [ '0.3.31' ],
185 silly audit   '@popperjs/core': [ '2.11.8' ],
185 silly audit   '@remix-run/router': [ '1.23.3' ],
185 silly audit   '@rolldown/pluginutils': [ '1.0.0-beta.27' ],
185 silly audit   '@rollup/rollup-android-arm-eabi': [ '4.62.0' ],
185 silly audit   '@rollup/rollup-android-arm64': [ '4.62.0' ],
185 silly audit   '@rollup/rollup-darwin-arm64': [ '4.62.0' ],
185 silly audit   '@rollup/rollup-darwin-x64': [ '4.62.0' ],
185 silly audit   '@rollup/rollup-freebsd-arm64': [ '4.62.0' ],
185 silly audit   '@rollup/rollup-freebsd-x64': [ '4.62.0' ],
185 silly audit   '@rollup/rollup-linux-arm-gnueabihf': [ '4.62.0' ],
185 silly audit   '@rollup/rollup-linux-arm-musleabihf': [ '4.62.0' ],
185 silly audit   '@rollup/rollup-linux-arm64-gnu': [ '4.62.0' ],
185 silly audit   '@rollup/rollup-linux-arm64-musl': [ '4.62.0' ],
185 silly audit   '@rollup/rollup-linux-loong64-gnu': [ '4.62.0' ],
185 silly audit   '@rollup/rollup-linux-loong64-musl': [ '4.62.0' ],
185 silly audit   '@rollup/rollup-linux-ppc64-gnu': [ '4.62.0' ],
185 silly audit   '@rollup/rollup-linux-ppc64-musl': [ '4.62.0' ],
185 silly audit   '@rollup/rollup-linux-riscv64-gnu': [ '4.62.0' ],
185 silly audit   '@rollup/rollup-linux-riscv64-musl': [ '4.62.0' ],
185 silly audit   '@rollup/rollup-linux-s390x-gnu': [ '4.62.0' ],
185 silly audit   '@rollup/rollup-linux-x64-gnu': [ '4.62.0' ],
185 silly audit   '@rollup/rollup-linux-x64-musl': [ '4.62.0' ],
185 silly audit   '@rollup/rollup-openbsd-x64': [ '4.62.0' ],
185 silly audit   '@rollup/rollup-openharmony-arm64': [ '4.62.0' ],
185 silly audit   '@rollup/rollup-win32-arm64-msvc': [ '4.62.0' ],
185 silly audit   '@rollup/rollup-win32-ia32-msvc': [ '4.62.0' ],
185 silly audit   '@rollup/rollup-win32-x64-gnu': [ '4.62.0' ],
185 silly audit   '@rollup/rollup-win32-x64-msvc': [ '4.62.0' ],
185 silly audit   '@types/babel__core': [ '7.20.5' ],
185 silly audit   '@types/babel__generator': [ '7.27.0' ],
185 silly audit   '@types/babel__template': [ '7.4.4' ],
185 silly audit   '@types/babel__traverse': [ '7.28.0' ],
185 silly audit   '@types/estree': [ '1.0.9' ],
185 silly audit   '@types/prop-types': [ '15.7.15' ],
185 silly audit   '@types/react': [ '18.3.31' ],
185 silly audit   '@types/react-dom': [ '18.3.7' ],
185 silly audit   '@vitejs/plugin-react': [ '4.7.0' ],
185 silly audit   'agent-base': [ '6.0.2' ],
185 silly audit   asynckit: [ '0.4.0' ],
185 silly audit   autoprefixer: [ '10.5.0' ],
185 silly audit   axios: [ '1.18.0' ],
185 silly audit   'baseline-browser-mapping': [ '2.10.37' ],
185 silly audit   bootstrap: [ '5.3.8' ],
185 silly audit   browserslist: [ '4.28.2' ],
185 silly audit   'call-bind-apply-helpers': [ '1.0.2' ],
185 silly audit   'caniuse-lite': [ '1.0.30001799' ],
185 silly audit   'combined-stream': [ '1.0.8' ],
185 silly audit   'convert-source-map': [ '2.0.0' ],
185 silly audit   csstype: [ '3.2.3' ],
185 silly audit   debug: [ '4.4.3' ],
185 silly audit   'delayed-stream': [ '1.0.0' ],
185 silly audit   'dunder-proto': [ '1.0.1' ],
185 silly audit   'electron-to-chromium': [ '1.5.372' ],
185 silly audit   'es-define-property': [ '1.0.1' ],
185 silly audit   'es-errors': [ '1.3.0' ],
185 silly audit   'es-object-atoms': [ '1.1.2' ],
185 silly audit   'es-set-tostringtag': [ '2.1.0' ],
185 silly audit   esbuild: [ '0.21.5' ],
185 silly audit   escalade: [ '3.2.0' ],
185 silly audit   'follow-redirects': [ '1.16.0' ],
185 silly audit   'form-data': [ '4.0.6' ],
185 silly audit   'fraction.js': [ '5.3.4' ],
185 silly audit   'framer-motion': [ '11.18.2' ],
185 silly audit   fsevents: [ '2.3.3' ],
185 silly audit   'function-bind': [ '1.1.2' ],
185 silly audit   gensync: [ '1.0.0-beta.2' ],
185 silly audit   'get-intrinsic': [ '1.3.0' ],
185 silly audit   'get-proto': [ '1.0.1' ],
185 silly audit   goober: [ '2.1.19' ],
185 silly audit   gopd: [ '1.2.0' ],
185 silly audit   'has-symbols': [ '1.1.0' ],
185 silly audit   'has-tostringtag': [ '1.0.2' ],
185 silly audit   hasown: [ '2.0.4' ],
185 silly audit   'https-proxy-agent': [ '5.0.1' ],
185 silly audit   'js-tokens': [ '4.0.0' ],
185 silly audit   jsesc: [ '3.1.0' ],
185 silly audit   json5: [ '2.2.3' ],
185 silly audit   'loose-envify': [ '1.4.0' ],
185 silly audit   'lru-cache': [ '5.1.1' ],
185 silly audit   'math-intrinsics': [ '1.1.0' ],
185 silly audit   'mime-db': [ '1.52.0' ],
185 silly audit   'mime-types': [ '2.1.35' ],
185 silly audit   'motion-dom': [ '11.18.1' ],
185 silly audit   'motion-utils': [ '11.18.1' ],
185 silly audit   ms: [ '2.1.3' ],
185 silly audit   nanoid: [ '3.3.12' ],
185 silly audit   'node-releases': [ '2.0.47' ],
185 silly audit   picocolors: [ '1.1.1' ],
185 silly audit   postcss: [ '8.5.15' ],
185 silly audit   'postcss-value-parser': [ '4.2.0' ],
185 silly audit   'proxy-from-env': [ '2.1.0' ],
185 silly audit   react: [ '18.3.1' ],
185 silly audit   'react-dom': [ '18.3.1' ],
185 silly audit   'react-hot-toast': [ '2.6.0' ],
185 silly audit   'react-refresh': [ '0.17.0' ],
185 silly audit   'react-router': [ '6.30.4' ],
185 silly audit   'react-router-dom': [ '6.30.4' ],
185 silly audit   rollup: [ '4.62.0' ],
185 silly audit   scheduler: [ '0.23.2' ],
185 silly audit   semver: [ '6.3.1' ],
185 silly audit   'source-map-js': [ '1.2.1' ],
185 silly audit   tailwindcss: [ '4.3.1' ],
185 silly audit   tslib: [ '2.8.1' ],
185 silly audit   'update-browserslist-db': [ '1.2.3' ],
185 silly audit   'use-sync-external-store': [ '1.6.0' ],
185 silly audit   vite: [ '5.4.21' ],
185 silly audit   yallist: [ '3.1.1' ],
185 silly audit   zustand: [ '4.5.7' ],
185 silly audit   '@tailwindcss/postcss': [ '4.3.1' ],
185 silly audit   '@alloc/quick-lru': [ '5.2.0' ],
185 silly audit   '@tailwindcss/node': [ '4.3.1' ],
185 silly audit   '@tailwindcss/oxide': [ '4.3.1' ],
185 silly audit   'enhanced-resolve': [ '5.21.6' ],
185 silly audit   jiti: [ '2.7.0' ],
185 silly audit   lightningcss: [ '1.32.0' ],
185 silly audit   'magic-string': [ '0.30.21' ],
185 silly audit   '@tailwindcss/oxide-android-arm64': [ '4.3.1' ],
185 silly audit   '@tailwindcss/oxide-darwin-arm64': [ '4.3.1' ],
185 silly audit   '@tailwindcss/oxide-darwin-x64': [ '4.3.1' ],
185 silly audit   '@tailwindcss/oxide-freebsd-x64': [ '4.3.1' ],
185 silly audit   '@tailwindcss/oxide-linux-arm-gnueabihf': [ '4.3.1' ],
185 silly audit   '@tailwindcss/oxide-linux-arm64-gnu': [ '4.3.1' ],
185 silly audit   '@tailwindcss/oxide-linux-arm64-musl': [ '4.3.1' ],
185 silly audit   '@tailwindcss/oxide-linux-x64-gnu': [ '4.3.1' ],
185 silly audit   '@tailwindcss/oxide-linux-x64-musl': [ '4.3.1' ],
185 silly audit   '@tailwindcss/oxide-wasm32-wasi': [ '4.3.1' ],
185 silly audit   '@tailwindcss/oxide-win32-arm64-msvc': [ '4.3.1' ],
185 silly audit   '@tailwindcss/oxide-win32-x64-msvc': [ '4.3.1' ],
185 silly audit   'graceful-fs': [ '4.2.11' ],
185 silly audit   tapable: [ '2.3.3' ],
185 silly audit   'detect-libc': [ '2.1.2' ],
185 silly audit   'lightningcss-android-arm64': [ '1.32.0' ],
185 silly audit   'lightningcss-darwin-arm64': [ '1.32.0' ],
185 silly audit   'lightningcss-darwin-x64': [ '1.32.0' ],
185 silly audit   'lightningcss-freebsd-x64': [ '1.32.0' ],
185 silly audit   'lightningcss-linux-arm-gnueabihf': [ '1.32.0' ],
185 silly audit   'lightningcss-linux-arm64-gnu': [ '1.32.0' ],
185 silly audit   'lightningcss-linux-arm64-musl': [ '1.32.0' ],
185 silly audit   'lightningcss-linux-x64-gnu': [ '1.32.0' ],
185 silly audit   'lightningcss-linux-x64-musl': [ '1.32.0' ],
185 silly audit   'lightningcss-win32-arm64-msvc': [ '1.32.0' ],
185 silly audit   'lightningcss-win32-x64-msvc': [ '1.32.0' ]
185 silly audit }
186 http cache @tailwindcss/oxide-win32-x64-msvc@https://registry.npmjs.org/@tailwindcss/oxide-win32-x64-msvc/-/oxide-win32-x64-msvc-4.3.1.tgz 0ms (cache hit)
187 http cache detect-libc@https://registry.npmjs.org/detect-libc/-/detect-libc-2.1.2.tgz 0ms (cache hit)
188 http cache lightningcss-win32-x64-msvc@https://registry.npmjs.org/lightningcss-win32-x64-msvc/-/lightningcss-win32-x64-msvc-1.32.0.tgz 0ms (cache hit)
189 http cache @tailwindcss/oxide@https://registry.npmjs.org/@tailwindcss/oxide/-/oxide-4.3.1.tgz 0ms (cache hit)
190 http cache magic-string@https://registry.npmjs.org/magic-string/-/magic-string-0.30.21.tgz 0ms (cache hit)
191 http cache graceful-fs@https://registry.npmjs.org/graceful-fs/-/graceful-fs-4.2.11.tgz 0ms (cache hit)
192 http cache lightningcss@https://registry.npmjs.org/lightningcss/-/lightningcss-1.32.0.tgz 0ms (cache hit)
193 http cache tapable@https://registry.npmjs.org/tapable/-/tapable-2.3.3.tgz 0ms (cache hit)
194 http cache enhanced-resolve@https://registry.npmjs.org/enhanced-resolve/-/enhanced-resolve-5.21.6.tgz 0ms (cache hit)
195 http cache jiti@https://registry.npmjs.org/jiti/-/jiti-2.7.0.tgz 0ms (cache hit)
196 http cache @tailwindcss/node@https://registry.npmjs.org/@tailwindcss/node/-/node-4.3.1.tgz 0ms (cache hit)
197 http cache @alloc/quick-lru@https://registry.npmjs.org/@alloc/quick-lru/-/quick-lru-5.2.0.tgz 0ms (cache hit)
198 silly tarball no local data for @tailwindcss/oxide-win32-x64-msvc@https://registry.npmjs.org/@tailwindcss/oxide-win32-x64-msvc/-/oxide-win32-x64-msvc-4.3.1.tgz. Extracting by manifest.
199 silly tarball no local data for detect-libc@https://registry.npmjs.org/detect-libc/-/detect-libc-2.1.2.tgz. Extracting by manifest.
200 silly tarball no local data for lightningcss-win32-x64-msvc@https://registry.npmjs.org/lightningcss-win32-x64-msvc/-/lightningcss-win32-x64-msvc-1.32.0.tgz. Extracting by manifest.
201 http cache @tailwindcss/postcss@https://registry.npmjs.org/@tailwindcss/postcss/-/postcss-4.3.1.tgz 0ms (cache hit)
202 silly tarball no local data for @tailwindcss/oxide@https://registry.npmjs.org/@tailwindcss/oxide/-/oxide-4.3.1.tgz. Extracting by manifest.
203 silly tarball no local data for magic-string@https://registry.npmjs.org/magic-string/-/magic-string-0.30.21.tgz. Extracting by manifest.
204 silly tarball no local data for graceful-fs@https://registry.npmjs.org/graceful-fs/-/graceful-fs-4.2.11.tgz. Extracting by manifest.
205 silly tarball no local data for lightningcss@https://registry.npmjs.org/lightningcss/-/lightningcss-1.32.0.tgz. Extracting by manifest.
206 silly tarball no local data for tapable@https://registry.npmjs.org/tapable/-/tapable-2.3.3.tgz. Extracting by manifest.
207 silly tarball no local data for enhanced-resolve@https://registry.npmjs.org/enhanced-resolve/-/enhanced-resolve-5.21.6.tgz. Extracting by manifest.
208 silly tarball no local data for jiti@https://registry.npmjs.org/jiti/-/jiti-2.7.0.tgz. Extracting by manifest.
209 silly tarball no local data for @tailwindcss/node@https://registry.npmjs.org/@tailwindcss/node/-/node-4.3.1.tgz. Extracting by manifest.
210 silly tarball no local data for @alloc/quick-lru@https://registry.npmjs.org/@alloc/quick-lru/-/quick-lru-5.2.0.tgz. Extracting by manifest.
211 silly tarball no local data for @tailwindcss/postcss@https://registry.npmjs.org/@tailwindcss/postcss/-/postcss-4.3.1.tgz. Extracting by manifest.
212 http fetch GET 200 https://registry.npmjs.org/detect-libc/-/detect-libc-2.1.2.tgz 111ms (cache miss)
213 http fetch GET 200 https://registry.npmjs.org/graceful-fs/-/graceful-fs-4.2.11.tgz 148ms (cache miss)
214 http fetch GET 200 https://registry.npmjs.org/magic-string/-/magic-string-0.30.21.tgz 150ms (cache miss)
215 http fetch GET 200 https://registry.npmjs.org/tapable/-/tapable-2.3.3.tgz 206ms (cache miss)
216 http fetch GET 200 https://registry.npmjs.org/@tailwindcss/node/-/node-4.3.1.tgz 214ms (cache miss)
217 http fetch POST 200 https://registry.npmjs.org/-/npm/v1/security/advisories/bulk 261ms
218 silly audit report {
218 silly audit report   esbuild: [
218 silly audit report     {
218 silly audit report       id: 1102341,
218 silly audit report       url: 'https://github.com/advisories/GHSA-67mh-4wv8-2f99',
218 silly audit report       title: 'esbuild enables any website to send any requests to the development server and read the response',
218 silly audit report       severity: 'moderate',
218 silly audit report       vulnerable_versions: '<=0.24.2',
218 silly audit report       cwe: [Array],
218 silly audit report       cvss: [Object]
218 silly audit report     },
218 silly audit report     {
218 silly audit report       id: 1120679,
218 silly audit report       url: 'https://github.com/advisories/GHSA-gv7w-rqvm-qjhr',
218 silly audit report       title: 'esbuild: Missing binary integrity verification in Deno module enables remote code execution via NPM_CONFIG_REGISTRY',
218 silly audit report       severity: 'high',
218 silly audit report       vulnerable_versions: '>=0.17.0 <0.28.1',
218 silly audit report       cwe: [Array],
218 silly audit report       cvss: [Object]
218 silly audit report     }
218 silly audit report   ],
218 silly audit report   vite: [
218 silly audit report     {
218 silly audit report       id: 1116229,
218 silly audit report       url: 'https://github.com/advisories/GHSA-4w7w-66w2-5vf9',
218 silly audit report       title: 'Vite Vulnerable to Path Traversal in Optimized Deps `.map` Handling',
218 silly audit report       severity: 'moderate',
218 silly audit report       vulnerable_versions: '<=6.4.1',
218 silly audit report       cwe: [Array],
218 silly audit report       cvss: [Object]
218 silly audit report     }
218 silly audit report   ]
218 silly audit report }
219 silly packumentCache corgi:https://registry.npmjs.org/esbuild cache-miss
220 silly packumentCache corgi:https://registry.npmjs.org/vite cache-miss
221 http cache https://registry.npmjs.org/esbuild 18ms (cache hit)
222 silly packumentCache corgi:https://registry.npmjs.org/esbuild set size:887361 disposed:false
223 http cache https://registry.npmjs.org/vite 29ms (cache hit)
224 silly packumentCache corgi:https://registry.npmjs.org/vite set size:2264592 disposed:false
225 silly packumentCache corgi:https://registry.npmjs.org/@vitejs%2fplugin-react cache-miss
226 http cache https://registry.npmjs.org/@vitejs%2fplugin-react 22ms (cache hit)
227 silly packumentCache corgi:https://registry.npmjs.org/@vitejs%2fplugin-react set size:113751 disposed:false
228 http fetch GET 200 https://registry.npmjs.org/lightningcss/-/lightningcss-1.32.0.tgz 328ms (cache miss)
229 http fetch GET 200 https://registry.npmjs.org/@tailwindcss/oxide/-/oxide-4.3.1.tgz 383ms (cache miss)
230 http fetch GET 200 https://registry.npmjs.org/@tailwindcss/postcss/-/postcss-4.3.1.tgz 392ms (cache miss)
231 http fetch GET 200 https://registry.npmjs.org/enhanced-resolve/-/enhanced-resolve-5.21.6.tgz 442ms (cache miss)
232 http fetch GET 200 https://registry.npmjs.org/@alloc/quick-lru/-/quick-lru-5.2.0.tgz 450ms (cache miss)
233 http fetch GET 200 https://registry.npmjs.org/jiti/-/jiti-2.7.0.tgz 462ms (cache miss)
234 http fetch GET 200 https://registry.npmjs.org/@tailwindcss/oxide-win32-x64-msvc/-/oxide-win32-x64-msvc-4.3.1.tgz 1095ms (cache miss)
235 http fetch GET 200 https://registry.npmjs.org/lightningcss-win32-x64-msvc/-/lightningcss-win32-x64-msvc-1.32.0.tgz 1296ms (cache miss)
236 silly ADD node_modules/lightningcss-win32-x64-msvc
237 silly ADD node_modules/detect-libc
238 silly ADD node_modules/tapable
239 silly ADD node_modules/graceful-fs
240 silly ADD node_modules/@tailwindcss/oxide-win32-x64-msvc
241 silly ADD node_modules/magic-string
242 silly ADD node_modules/lightningcss
243 silly ADD node_modules/jiti
244 silly ADD node_modules/enhanced-resolve
245 silly ADD node_modules/@tailwindcss/oxide
246 silly ADD node_modules/@tailwindcss/node
247 silly ADD node_modules/@alloc/quick-lru
248 silly ADD node_modules/@tailwindcss/postcss
249 verbose cwd C:\Users\Acer\Documents\np-shop-versions\np-shop-v7
250 verbose os Windows_NT 10.0.26200
251 verbose node v24.15.0
252 verbose npm  v11.12.1
253 verbose exit 0
254 info ok
